<?xml version="1.0" encoding="UTF-8"?>
<testsuite xmlns:xsi="http://www.w3.org/2001/XMLSchema-instance" xsi:noNamespaceSchemaLocation="https://maven.apache.org/surefire/maven-surefire-plugin/xsd/surefire-test-report.xsd" version="3.0.2" name="TestSuite" time="16.122" tests="9" errors="0" skipped="0" failures="0">
  <properties>
[...]
</properties>
  <testcase name="testPostPetData[101, 10145, carnivorus, Tiger, tigerinjungle, tigerin zoo, 1010, tiger1010, alive](1)" classname="api.test.PetDataDrivenTest" time="3.063">
    <system-out><![CDATA[[DEBUG] 2024-08-06 15:07:51,660 PackageRelationshipCollection.parseRelationshipsPart() - Parsing relationship: /xl/_rels/workbook.xml.rels
[DEBUG] 2024-08-06 15:07:51,676 PackageRelationshipCollection.parseRelationshipsPart() - Parsing relationship: /xl/worksheets/_rels/sheet1.xml.rels
[DEBUG] 2024-08-06 15:07:51,676 PackageRelationshipCollection.parseRelationshipsPart() - Parsing relationship: /_rels/.rels
rownumber 3
[DEBUG] 2024-08-06 15:07:52,326 PackageRelationshipCollection.parseRelationshipsPart() - Parsing relationship: /xl/_rels/workbook.xml.rels
[DEBUG] 2024-08-06 15:07:52,326 PackageRelationshipCollection.parseRelationshipsPart() - Parsing relationship: /xl/worksheets/_rels/sheet1.xml.rels
[DEBUG] 2024-08-06 15:07:52,326 PackageRelationshipCollection.parseRelationshipsPart() - Parsing relationship: /_rels/.rels
cellnumber 8
[DEBUG] 2024-08-06 15:07:52,374 PackageRelationshipCollection.parseRelationshipsPart() - Parsing relationship: /xl/_rels/workbook.xml.rels
[DEBUG] 2024-08-06 15:07:52,374 PackageRelationshipCollection.parseRelationshipsPart() - Parsing relationship: /xl/worksheets/_rels/sheet1.xml.rels
[DEBUG] 2024-08-06 15:07:52,374 PackageRelationshipCollection.parseRelationshipsPart() - Parsing relationship: /_rels/.rels
101
[DEBUG] 2024-08-06 15:07:52,437 PackageRelationshipCollection.parseRelationshipsPart() - Parsing relationship: /xl/_rels/workbook.xml.rels
[DEBUG] 2024-08-06 15:07:52,437 PackageRelationshipCollection.parseRelationshipsPart() - Parsing relationship: /xl/worksheets/_rels/sheet1.xml.rels
[DEBUG] 2024-08-06 15:07:52,437 PackageRelationshipCollection.parseRelationshipsPart() - Parsing relationship: /_rels/.rels
10145
[DEBUG] 2024-08-06 15:07:52,485 PackageRelationshipCollection.parseRelationshipsPart() - Parsing relationship: /xl/_rels/workbook.xml.rels
[DEBUG] 2024-08-06 15:07:52,485 PackageRelationshipCollection.parseRelationshipsPart() - Parsing relationship: /xl/worksheets/_rels/sheet1.xml.rels
[DEBUG] 2024-08-06 15:07:52,485 PackageRelationshipCollection.parseRelationshipsPart() - Parsing relationship: /_rels/.rels
carnivorus
[DEBUG] 2024-08-06 15:07:52,516 PackageRelationshipCollection.parseRelationshipsPart() - Parsing relationship: /xl/_rels/workbook.xml.rels
[DEBUG] 2024-08-06 15:07:52,516 PackageRelationshipCollection.parseRelationshipsPart() - Parsing relationship: /xl/worksheets/_rels/sheet1.xml.rels
[DEBUG] 2024-08-06 15:07:52,532 PackageRelationshipCollection.parseRelationshipsPart() - Parsing relationship: /_rels/.rels
Tiger
[DEBUG] 2024-08-06 15:07:52,564 PackageRelationshipCollection.parseRelationshipsPart() - Parsing relationship: /xl/_rels/workbook.xml.rels
[DEBUG] 2024-08-06 15:07:52,564 PackageRelationshipCollection.parseRelationshipsPart() - Parsing relationship: /xl/worksheets/_rels/sheet1.xml.rels
[DEBUG] 2024-08-06 15:07:52,564 PackageRelationshipCollection.parseRelationshipsPart() - Parsing relationship: /_rels/.rels
tigerinjungle, tigerin zoo
[DEBUG] 2024-08-06 15:07:52,611 PackageRelationshipCollection.parseRelationshipsPart() - Parsing relationship: /xl/_rels/workbook.xml.rels
[DEBUG] 2024-08-06 15:07:52,611 PackageRelationshipCollection.parseRelationshipsPart() - Parsing relationship: /xl/worksheets/_rels/sheet1.xml.rels
[DEBUG] 2024-08-06 15:07:52,611 PackageRelationshipCollection.parseRelationshipsPart() - Parsing relationship: /_rels/.rels
1010
[DEBUG] 2024-08-06 15:07:52,643 PackageRelationshipCollection.parseRelationshipsPart() - Parsing relationship: /xl/_rels/workbook.xml.rels
[DEBUG] 2024-08-06 15:07:52,643 PackageRelationshipCollection.parseRelationshipsPart() - Parsing relationship: /xl/worksheets/_rels/sheet1.xml.rels
[DEBUG] 2024-08-06 15:07:52,660 PackageRelationshipCollection.parseRelationshipsPart() - Parsing relationship: /_rels/.rels
tiger1010
[DEBUG] 2024-08-06 15:07:52,690 PackageRelationshipCollection.parseRelationshipsPart() - Parsing relationship: /xl/_rels/workbook.xml.rels
[DEBUG] 2024-08-06 15:07:52,690 PackageRelationshipCollection.parseRelationshipsPart() - Parsing relationship: /xl/worksheets/_rels/sheet1.xml.rels
[DEBUG] 2024-08-06 15:07:52,690 PackageRelationshipCollection.parseRelationshipsPart() - Parsing relationship: /_rels/.rels
alive
[DEBUG] 2024-08-06 15:07:52,722 PackageRelationshipCollection.parseRelationshipsPart() - Parsing relationship: /xl/_rels/workbook.xml.rels
[DEBUG] 2024-08-06 15:07:52,722 PackageRelationshipCollection.parseRelationshipsPart() - Parsing relationship: /xl/worksheets/_rels/sheet1.xml.rels
[DEBUG] 2024-08-06 15:07:52,722 PackageRelationshipCollection.parseRelationshipsPart() - Parsing relationship: /_rels/.rels
102
[DEBUG] 2024-08-06 15:07:52,754 PackageRelationshipCollection.parseRelationshipsPart() - Parsing relationship: /xl/_rels/workbook.xml.rels
[DEBUG] 2024-08-06 15:07:52,754 PackageRelationshipCollection.parseRelationshipsPart() - Parsing relationship: /xl/worksheets/_rels/sheet1.xml.rels
[DEBUG] 2024-08-06 15:07:52,754 PackageRelationshipCollection.parseRelationshipsPart() - Parsing relationship: /_rels/.rels
2457
[DEBUG] 2024-08-06 15:07:52,770 PackageRelationshipCollection.parseRelationshipsPart() - Parsing relationship: /xl/_rels/workbook.xml.rels
[DEBUG] 2024-08-06 15:07:52,785 PackageRelationshipCollection.parseRelationshipsPart() - Parsing relationship: /xl/worksheets/_rels/sheet1.xml.rels
[DEBUG] 2024-08-06 15:07:52,785 PackageRelationshipCollection.parseRelationshipsPart() - Parsing relationship: /_rels/.rels
omnivorus
[DEBUG] 2024-08-06 15:07:52,801 PackageRelationshipCollection.parseRelationshipsPart() - Parsing relationship: /xl/_rels/workbook.xml.rels
[DEBUG] 2024-08-06 15:07:52,801 PackageRelationshipCollection.parseRelationshipsPart() - Parsing relationship: /xl/worksheets/_rels/sheet1.xml.rels
[DEBUG] 2024-08-06 15:07:52,801 PackageRelationshipCollection.parseRelationshipsPart() - Parsing relationship: /_rels/.rels
snake
[DEBUG] 2024-08-06 15:07:52,833 PackageRelationshipCollection.parseRelationshipsPart() - Parsing relationship: /xl/_rels/workbook.xml.rels
[DEBUG] 2024-08-06 15:07:52,833 PackageRelationshipCollection.parseRelationshipsPart() - Parsing relationship: /xl/worksheets/_rels/sheet1.xml.rels
[DEBUG] 2024-08-06 15:07:52,833 PackageRelationshipCollection.parseRelationshipsPart() - Parsing relationship: /_rels/.rels
snake in tum, snale in road
[DEBUG] 2024-08-06 15:07:52,849 PackageRelationshipCollection.parseRelationshipsPart() - Parsing relationship: /xl/_rels/workbook.xml.rels
[DEBUG] 2024-08-06 15:07:52,849 PackageRelationshipCollection.parseRelationshipsPart() - Parsing relationship: /xl/worksheets/_rels/sheet1.xml.rels
[DEBUG] 2024-08-06 15:07:52,849 PackageRelationshipCollection.parseRelationshipsPart() - Parsing relationship: /_rels/.rels
1020
[DEBUG] 2024-08-06 15:07:52,880 PackageRelationshipCollection.parseRelationshipsPart() - Parsing relationship: /xl/_rels/workbook.xml.rels
[DEBUG] 2024-08-06 15:07:52,880 PackageRelationshipCollection.parseRelationshipsPart() - Parsing relationship: /xl/worksheets/_rels/sheet1.xml.rels
[DEBUG] 2024-08-06 15:07:52,880 PackageRelationshipCollection.parseRelationshipsPart() - Parsing relationship: /_rels/.rels
snake1020
[DEBUG] 2024-08-06 15:07:52,912 PackageRelationshipCollection.parseRelationshipsPart() - Parsing relationship: /xl/_rels/workbook.xml.rels
[DEBUG] 2024-08-06 15:07:52,912 PackageRelationshipCollection.parseRelationshipsPart() - Parsing relationship: /xl/worksheets/_rels/sheet1.xml.rels
[DEBUG] 2024-08-06 15:07:52,912 PackageRelationshipCollection.parseRelationshipsPart() - Parsing relationship: /_rels/.rels
dead
[DEBUG] 2024-08-06 15:07:52,944 PackageRelationshipCollection.parseRelationshipsPart() - Parsing relationship: /xl/_rels/workbook.xml.rels
[DEBUG] 2024-08-06 15:07:52,944 PackageRelationshipCollection.parseRelationshipsPart() - Parsing relationship: /xl/worksheets/_rels/sheet1.xml.rels
[DEBUG] 2024-08-06 15:07:52,944 PackageRelationshipCollection.parseRelationshipsPart() - Parsing relationship: /_rels/.rels
103
[DEBUG] 2024-08-06 15:07:52,959 PackageRelationshipCollection.parseRelationshipsPart() - Parsing relationship: /xl/_rels/workbook.xml.rels
[DEBUG] 2024-08-06 15:07:52,959 PackageRelationshipCollection.parseRelationshipsPart() - Parsing relationship: /xl/worksheets/_rels/sheet1.xml.rels
[DEBUG] 2024-08-06 15:07:52,959 PackageRelationshipCollection.parseRelationshipsPart() - Parsing relationship: /_rels/.rels
10310
[DEBUG] 2024-08-06 15:07:52,991 PackageRelationshipCollection.parseRelationshipsPart() - Parsing relationship: /xl/_rels/workbook.xml.rels
[DEBUG] 2024-08-06 15:07:52,991 PackageRelationshipCollection.parseRelationshipsPart() - Parsing relationship: /xl/worksheets/_rels/sheet1.xml.rels
[DEBUG] 2024-08-06 15:07:52,991 PackageRelationshipCollection.parseRelationshipsPart() - Parsing relationship: /_rels/.rels
herbiorus
[DEBUG] 2024-08-06 15:07:53,022 PackageRelationshipCollection.parseRelationshipsPart() - Parsing relationship: /xl/_rels/workbook.xml.rels
[DEBUG] 2024-08-06 15:07:53,022 PackageRelationshipCollection.parseRelationshipsPart() - Parsing relationship: /xl/worksheets/_rels/sheet1.xml.rels
[DEBUG] 2024-08-06 15:07:53,022 PackageRelationshipCollection.parseRelationshipsPart() - Parsing relationship: /_rels/.rels
horse
[DEBUG] 2024-08-06 15:07:53,038 PackageRelationshipCollection.parseRelationshipsPart() - Parsing relationship: /xl/_rels/workbook.xml.rels
[DEBUG] 2024-08-06 15:07:53,038 PackageRelationshipCollection.parseRelationshipsPart() - Parsing relationship: /xl/worksheets/_rels/sheet1.xml.rels
[DEBUG] 2024-08-06 15:07:53,038 PackageRelationshipCollection.parseRelationshipsPart() - Parsing relationship: /_rels/.rels
horse in field, horse in race
[DEBUG] 2024-08-06 15:07:53,070 PackageRelationshipCollection.parseRelationshipsPart() - Parsing relationship: /xl/_rels/workbook.xml.rels
[DEBUG] 2024-08-06 15:07:53,070 PackageRelationshipCollection.parseRelationshipsPart() - Parsing relationship: /xl/worksheets/_rels/sheet1.xml.rels
[DEBUG] 2024-08-06 15:07:53,070 PackageRelationshipCollection.parseRelationshipsPart() - Parsing relationship: /_rels/.rels
1030
[DEBUG] 2024-08-06 15:07:53,086 PackageRelationshipCollection.parseRelationshipsPart() - Parsing relationship: /xl/_rels/workbook.xml.rels
[DEBUG] 2024-08-06 15:07:53,102 PackageRelationshipCollection.parseRelationshipsPart() - Parsing relationship: /xl/worksheets/_rels/sheet1.xml.rels
[DEBUG] 2024-08-06 15:07:53,102 PackageRelationshipCollection.parseRelationshipsPart() - Parsing relationship: /_rels/.rels
horse1030
[DEBUG] 2024-08-06 15:07:53,118 PackageRelationshipCollection.parseRelationshipsPart() - Parsing relationship: /xl/_rels/workbook.xml.rels
[DEBUG] 2024-08-06 15:07:53,118 PackageRelationshipCollection.parseRelationshipsPart() - Parsing relationship: /xl/worksheets/_rels/sheet1.xml.rels
[DEBUG] 2024-08-06 15:07:53,118 PackageRelationshipCollection.parseRelationshipsPart() - Parsing relationship: /_rels/.rels
alive
HTTP/1.1 200 OK
Date: Tue, 06 Aug 2024 09:37:56 GMT
Content-Type: application/json
Transfer-Encoding: chunked
Connection: keep-alive
Access-Control-Allow-Origin: *
Access-Control-Allow-Methods: GET, POST, DELETE, PUT
Access-Control-Allow-Headers: Content-Type, api_key, Authorization
Server: Jetty(9.2.9.v20150224)

{
    "id": 101,
    "category": {
        "id": 10145,
        "name": "carnivorus"
    },
    "name": "Tiger",
    "photoUrls": [
        "tigerinjungle",
        "tigerin zoo"
    ],
    "tags": [
        {
            "id": 1010,
            "name": "tiger1010"
        }
    ],
    "status": "alive"
}
]]></system-out>
    <system-err><![CDATA[SLF4J: Failed to load class "org.slf4j.impl.StaticLoggerBinder".
SLF4J: Defaulting to no-operation (NOP) logger implementation
SLF4J: See http://www.slf4j.org/codes.html#StaticLoggerBinder for further details.
]]></system-err>
  </testcase>
  <testcase name="testPostPetData[102, 2457, omnivorus, snake, snake in tum, snale in road, 1020, snake1020, dead](2)" classname="api.test.PetDataDrivenTest" time="1.157">
    <system-out><![CDATA[HTTP/1.1 200 OK
Date: Tue, 06 Aug 2024 09:37:57 GMT
Content-Type: application/json
Transfer-Encoding: chunked
Connection: keep-alive
Access-Control-Allow-Origin: *
Access-Control-Allow-Methods: GET, POST, DELETE, PUT
Access-Control-Allow-Headers: Content-Type, api_key, Authorization
Server: Jetty(9.2.9.v20150224)

{
    "id": 102,
    "category": {
        "id": 2457,
        "name": "omnivorus"
    },
    "name": "snake",
    "photoUrls": [
        "snake in tum",
        "snale in road"
    ],
    "tags": [
        {
            "id": 1020,
            "name": "snake1020"
        }
    ],
    "status": "dead"
}
]]></system-out>
  </testcase>
  <testcase name="testPostPetData[103, 10310, herbiorus, horse, horse in field, horse in race, 1030, horse1030, alive](3)" classname="api.test.PetDataDrivenTest" time="1.204">
    <system-out><![CDATA[HTTP/1.1 200 OK
Date: Tue, 06 Aug 2024 09:37:58 GMT
Content-Type: application/json
Transfer-Encoding: chunked
Connection: keep-alive
Access-Control-Allow-Origin: *
Access-Control-Allow-Methods: GET, POST, DELETE, PUT
Access-Control-Allow-Headers: Content-Type, api_key, Authorization
Server: Jetty(9.2.9.v20150224)

{
    "id": 103,
    "category": {
        "id": 10310,
        "name": "herbiorus"
    },
    "name": "horse",
    "photoUrls": [
        "horse in field",
        "horse in race"
    ],
    "tags": [
        {
            "id": 1030,
            "name": "horse1030"
        }
    ],
    "status": "alive"
}
]]></system-out>
  </testcase>
  <testcase name="testGetPetById[101](1)" classname="api.test.PetDataDrivenTest" time="1.221">
    <system-out><![CDATA[[DEBUG] 2024-08-06 15:07:58,605 PackageRelationshipCollection.parseRelationshipsPart() - Parsing relationship: /xl/_rels/workbook.xml.rels
[DEBUG] 2024-08-06 15:07:58,605 PackageRelationshipCollection.parseRelationshipsPart() - Parsing relationship: /xl/worksheets/_rels/sheet1.xml.rels
[DEBUG] 2024-08-06 15:07:58,605 PackageRelationshipCollection.parseRelationshipsPart() - Parsing relationship: /_rels/.rels
rownumber 3
[DEBUG] 2024-08-06 15:07:58,637 PackageRelationshipCollection.parseRelationshipsPart() - Parsing relationship: /xl/_rels/workbook.xml.rels
[DEBUG] 2024-08-06 15:07:58,637 PackageRelationshipCollection.parseRelationshipsPart() - Parsing relationship: /xl/worksheets/_rels/sheet1.xml.rels
[DEBUG] 2024-08-06 15:07:58,637 PackageRelationshipCollection.parseRelationshipsPart() - Parsing relationship: /_rels/.rels
[DEBUG] 2024-08-06 15:07:58,668 PackageRelationshipCollection.parseRelationshipsPart() - Parsing relationship: /xl/_rels/workbook.xml.rels
[DEBUG] 2024-08-06 15:07:58,668 PackageRelationshipCollection.parseRelationshipsPart() - Parsing relationship: /xl/worksheets/_rels/sheet1.xml.rels
[DEBUG] 2024-08-06 15:07:58,668 PackageRelationshipCollection.parseRelationshipsPart() - Parsing relationship: /_rels/.rels
[DEBUG] 2024-08-06 15:07:58,684 PackageRelationshipCollection.parseRelationshipsPart() - Parsing relationship: /xl/_rels/workbook.xml.rels
[DEBUG] 2024-08-06 15:07:58,684 PackageRelationshipCollection.parseRelationshipsPart() - Parsing relationship: /xl/worksheets/_rels/sheet1.xml.rels
[DEBUG] 2024-08-06 15:07:58,684 PackageRelationshipCollection.parseRelationshipsPart() - Parsing relationship: /_rels/.rels
HTTP/1.1 200 OK
Date: Tue, 06 Aug 2024 09:37:59 GMT
Content-Type: application/json
Transfer-Encoding: chunked
Connection: keep-alive
Access-Control-Allow-Origin: *
Access-Control-Allow-Methods: GET, POST, DELETE, PUT
Access-Control-Allow-Headers: Content-Type, api_key, Authorization
Server: Jetty(9.2.9.v20150224)

{
    "id": 101,
    "category": {
        "id": 10145,
        "name": "carnivorus"
    },
    "name": "Tiger",
    "photoUrls": [
        "tigerinjungle",
        "tigerin zoo"
    ],
    "tags": [
        {
            "id": 1010,
            "name": "tiger1010"
        }
    ],
    "status": "alive"
}
]]></system-out>
  </testcase>
  <testcase name="testGetPetById[102](2)" classname="api.test.PetDataDrivenTest" time="1.141">
    <system-out><![CDATA[HTTP/1.1 200 OK
Date: Tue, 06 Aug 2024 09:38:01 GMT
Content-Type: application/json
Transfer-Encoding: chunked
Connection: keep-alive
Access-Control-Allow-Origin: *
Access-Control-Allow-Methods: GET, POST, DELETE, PUT
Access-Control-Allow-Headers: Content-Type, api_key, Authorization
Server: Jetty(9.2.9.v20150224)

{
    "id": 102,
    "category": {
        "id": 2457,
        "name": "omnivorus"
    },
    "name": "snake",
    "photoUrls": [
        "snake in tum",
        "snale in road"
    ],
    "tags": [
        {
            "id": 1020,
            "name": "snake1020"
        }
    ],
    "status": "dead"
}
]]></system-out>
  </testcase>
  <testcase name="testGetPetById[103](3)" classname="api.test.PetDataDrivenTest" time="1.261">
    <system-out><![CDATA[HTTP/1.1 200 OK
Date: Tue, 06 Aug 2024 09:38:02 GMT
Content-Type: application/json
Transfer-Encoding: chunked
Connection: keep-alive
Access-Control-Allow-Origin: *
Access-Control-Allow-Methods: GET, POST, DELETE, PUT
Access-Control-Allow-Headers: Content-Type, api_key, Authorization
Server: Jetty(9.2.9.v20150224)

{
    "id": 103,
    "category": {
        "id": 10310,
        "name": "herbiorus"
    },
    "name": "horse",
    "photoUrls": [
        "horse in field",
        "horse in race"
    ],
    "tags": [
        {
            "id": 1030,
            "name": "horse1030"
        }
    ],
    "status": "alive"
}
]]></system-out>
  </testcase>
  <testcase name="testDeletePetById[101](1)" classname="api.test.PetDataDrivenTest" time="1.204">
    <system-out><![CDATA[[DEBUG] 2024-08-06 15:08:02,323 PackageRelationshipCollection.parseRelationshipsPart() - Parsing relationship: /xl/_rels/workbook.xml.rels
[DEBUG] 2024-08-06 15:08:02,323 PackageRelationshipCollection.parseRelationshipsPart() - Parsing relationship: /xl/worksheets/_rels/sheet1.xml.rels
[DEBUG] 2024-08-06 15:08:02,323 PackageRelationshipCollection.parseRelationshipsPart() - Parsing relationship: /_rels/.rels
rownumber 3
[DEBUG] 2024-08-06 15:08:02,339 PackageRelationshipCollection.parseRelationshipsPart() - Parsing relationship: /xl/_rels/workbook.xml.rels
[DEBUG] 2024-08-06 15:08:02,339 PackageRelationshipCollection.parseRelationshipsPart() - Parsing relationship: /xl/worksheets/_rels/sheet1.xml.rels
[DEBUG] 2024-08-06 15:08:02,339 PackageRelationshipCollection.parseRelationshipsPart() - Parsing relationship: /_rels/.rels
[DEBUG] 2024-08-06 15:08:02,354 PackageRelationshipCollection.parseRelationshipsPart() - Parsing relationship: /xl/_rels/workbook.xml.rels
[DEBUG] 2024-08-06 15:08:02,354 PackageRelationshipCollection.parseRelationshipsPart() - Parsing relationship: /xl/worksheets/_rels/sheet1.xml.rels
[DEBUG] 2024-08-06 15:08:02,354 PackageRelationshipCollection.parseRelationshipsPart() - Parsing relationship: /_rels/.rels
[DEBUG] 2024-08-06 15:08:02,370 PackageRelationshipCollection.parseRelationshipsPart() - Parsing relationship: /xl/_rels/workbook.xml.rels
[DEBUG] 2024-08-06 15:08:02,370 PackageRelationshipCollection.parseRelationshipsPart() - Parsing relationship: /xl/worksheets/_rels/sheet1.xml.rels
[DEBUG] 2024-08-06 15:08:02,370 PackageRelationshipCollection.parseRelationshipsPart() - Parsing relationship: /_rels/.rels
HTTP/1.1 200 OK
Date: Tue, 06 Aug 2024 09:38:03 GMT
Content-Type: application/json
Transfer-Encoding: chunked
Connection: keep-alive
Access-Control-Allow-Origin: *
Access-Control-Allow-Methods: GET, POST, DELETE, PUT
Access-Control-Allow-Headers: Content-Type, api_key, Authorization
Server: Jetty(9.2.9.v20150224)

{
    "code": 200,
    "type": "unknown",
    "message": "101"
}
]]></system-out>
  </testcase>
  <testcase name="testDeletePetById[102](2)" classname="api.test.PetDataDrivenTest" time="1.267">
    <system-out><![CDATA[HTTP/1.1 200 OK
Date: Tue, 06 Aug 2024 09:38:04 GMT
Content-Type: application/json
Transfer-Encoding: chunked
Connection: keep-alive
Access-Control-Allow-Origin: *
Access-Control-Allow-Methods: GET, POST, DELETE, PUT
Access-Control-Allow-Headers: Content-Type, api_key, Authorization
Server: Jetty(9.2.9.v20150224)

{
    "code": 200,
    "type": "unknown",
    "message": "102"
}
]]></system-out>
  </testcase>
  <testcase name="testDeletePetById[103](3)" classname="api.test.PetDataDrivenTest" time="1.281">
    <system-out><![CDATA[HTTP/1.1 200 OK
Date: Tue, 06 Aug 2024 09:38:06 GMT
Content-Type: application/json
Transfer-Encoding: chunked
Connection: keep-alive
Access-Control-Allow-Origin: *
Access-Control-Allow-Methods: GET, POST, DELETE, PUT
Access-Control-Allow-Headers: Content-Type, api_key, Authorization
Server: Jetty(9.2.9.v20150224)

{
    "code": 200,
    "type": "unknown",
    "message": "103"
}
]]></system-out>
  </testcase>
</testsuite>