<?xml version="1.0" encoding="UTF-8"?>
<testng-results ignored="0" total="9" passed="9" failed="0" skipped="0">
  <reporter-output>
  </reporter-output>
  <suite started-at="2024-08-06T15:07:50 IST" name="PetSuite" finished-at="2024-08-06T15:08:06 IST" duration-ms="15331">
    <groups>
    </groups>
    <test started-at="2024-08-06T15:07:50 IST" name="PetTest" finished-at="2024-08-06T15:08:06 IST" duration-ms="15331">
      <class name="api.test.PetDataDrivenTest">
        <test-method signature="testPostPetData(java.lang.String,java.lang.String,java.lang.String,java.lang.String,java.lang.String,java.lang.String,java.lang.String,java.lang.String)[pri:1, instance:api.test.PetDataDrivenTest@619713e5]" started-at="2024-08-06T15:07:53 IST" name="testPostPetData" data-provider="PetData" finished-at="2024-08-06T15:07:56 IST" duration-ms="3063" status="PASS">
          <params>
            <param index="0">
              <value>
                <![CDATA[101]]>
              </value>
            </param>
            <param index="1">
              <value>
                <![CDATA[10145]]>
              </value>
            </param>
            <param index="2">
              <value>
                <![CDATA[carnivorus]]>
              </value>
            </param>
            <param index="3">
              <value>
                <![CDATA[Tiger]]>
              </value>
            </param>
            <param index="4">
              <value>
                <![CDATA[tigerinjungle, tigerin zoo]]>
              </value>
            </param>
            <param index="5">
              <value>
                <![CDATA[1010]]>
              </value>
            </param>
            <param index="6">
              <value>
                <![CDATA[tiger1010]]>
              </value>
            </param>
            <param index="7">
              <value>
                <![CDATA[alive]]>
              </value>
            </param>
          </params>
          <reporter-output>
          </reporter-output>
        </test-method> <!-- testPostPetData -->
        <test-method signature="testPostPetData(java.lang.String,java.lang.String,java.lang.String,java.lang.String,java.lang.String,java.lang.String,java.lang.String,java.lang.String)[pri:1, instance:api.test.PetDataDrivenTest@619713e5]" started-at="2024-08-06T15:07:56 IST" name="testPostPetData" data-provider="PetData" finished-at="2024-08-06T15:07:57 IST" duration-ms="1157" status="PASS">
          <params>
            <param index="0">
              <value>
                <![CDATA[102]]>
              </value>
            </param>
            <param index="1">
              <value>
                <![CDATA[2457]]>
              </value>
            </param>
            <param index="2">
              <value>
                <![CDATA[omnivorus]]>
              </value>
            </param>
            <param index="3">
              <value>
                <![CDATA[snake]]>
              </value>
            </param>
            <param index="4">
              <value>
                <![CDATA[snake in tum, snale in road]]>
              </value>
            </param>
            <param index="5">
              <value>
                <![CDATA[1020]]>
              </value>
            </param>
            <param index="6">
              <value>
                <![CDATA[snake1020]]>
              </value>
            </param>
            <param index="7">
              <value>
                <![CDATA[dead]]>
              </value>
            </param>
          </params>
          <reporter-output>
          </reporter-output>
        </test-method> <!-- testPostPetData -->
        <test-method signature="testPostPetData(java.lang.String,java.lang.String,java.lang.String,java.lang.String,java.lang.String,java.lang.String,java.lang.String,java.lang.String)[pri:1, instance:api.test.PetDataDrivenTest@619713e5]" started-at="2024-08-06T15:07:57 IST" name="testPostPetData" data-provider="PetData" finished-at="2024-08-06T15:07:58 IST" duration-ms="1204" status="PASS">
          <params>
            <param index="0">
              <value>
                <![CDATA[103]]>
              </value>
            </param>
            <param index="1">
              <value>
                <![CDATA[10310]]>
              </value>
            </param>
            <param index="2">
              <value>
                <![CDATA[herbiorus]]>
              </value>
            </param>
            <param index="3">
              <value>
                <![CDATA[horse]]>
              </value>
            </param>
            <param index="4">
              <value>
                <![CDATA[horse in field, horse in race]]>
              </value>
            </param>
            <param index="5">
              <value>
                <![CDATA[1030]]>
              </value>
            </param>
            <param index="6">
              <value>
                <![CDATA[horse1030]]>
              </value>
            </param>
            <param index="7">
              <value>
                <![CDATA[alive]]>
              </value>
            </param>
          </params>
          <reporter-output>
          </reporter-output>
        </test-method> <!-- testPostPetData -->
        <test-method signature="testGetPetById(java.lang.String)[pri:2, instance:api.test.PetDataDrivenTest@619713e5]" started-at="2024-08-06T15:07:58 IST" name="testGetPetById" data-provider="PetId" finished-at="2024-08-06T15:07:59 IST" depends-on-methods="api.test.PetDataDrivenTest.testPostPetData" duration-ms="1221" status="PASS">
          <params>
            <param index="0">
              <value>
                <![CDATA[101]]>
              </value>
            </param>
          </params>
          <reporter-output>
          </reporter-output>
        </test-method> <!-- testGetPetById -->
        <test-method signature="testGetPetById(java.lang.String)[pri:2, instance:api.test.PetDataDrivenTest@619713e5]" started-at="2024-08-06T15:07:59 IST" name="testGetPetById" data-provider="PetId" finished-at="2024-08-06T15:08:01 IST" depends-on-methods="api.test.PetDataDrivenTest.testPostPetData" duration-ms="1126" status="PASS">
          <params>
            <param index="0">
              <value>
                <![CDATA[102]]>
              </value>
            </param>
          </params>
          <reporter-output>
          </reporter-output>
        </test-method> <!-- testGetPetById -->
        <test-method signature="testGetPetById(java.lang.String)[pri:2, instance:api.test.PetDataDrivenTest@619713e5]" started-at="2024-08-06T15:08:01 IST" name="testGetPetById" data-provider="PetId" finished-at="2024-08-06T15:08:02 IST" depends-on-methods="api.test.PetDataDrivenTest.testPostPetData" duration-ms="1276" status="PASS">
          <params>
            <param index="0">
              <value>
                <![CDATA[103]]>
              </value>
            </param>
          </params>
          <reporter-output>
          </reporter-output>
        </test-method> <!-- testGetPetById -->
        <test-method signature="testDeletePetById(java.lang.String)[pri:3, instance:api.test.PetDataDrivenTest@619713e5]" started-at="2024-08-06T15:08:02 IST" name="testDeletePetById" data-provider="PetId" finished-at="2024-08-06T15:08:03 IST" depends-on-methods="api.test.PetDataDrivenTest.testGetPetById" duration-ms="1204" status="PASS">
          <params>
            <param index="0">
              <value>
                <![CDATA[101]]>
              </value>
            </param>
          </params>
          <reporter-output>
          </reporter-output>
        </test-method> <!-- testDeletePetById -->
        <test-method signature="testDeletePetById(java.lang.String)[pri:3, instance:api.test.PetDataDrivenTest@619713e5]" started-at="2024-08-06T15:08:03 IST" name="testDeletePetById" data-provider="PetId" finished-at="2024-08-06T15:08:04 IST" depends-on-methods="api.test.PetDataDrivenTest.testGetPetById" duration-ms="1267" status="PASS">
          <params>
            <param index="0">
              <value>
                <![CDATA[102]]>
              </value>
            </param>
          </params>
          <reporter-output>
          </reporter-output>
        </test-method> <!-- testDeletePetById -->
        <test-method signature="testDeletePetById(java.lang.String)[pri:3, instance:api.test.PetDataDrivenTest@619713e5]" started-at="2024-08-06T15:08:04 IST" name="testDeletePetById" data-provider="PetId" finished-at="2024-08-06T15:08:06 IST" depends-on-methods="api.test.PetDataDrivenTest.testGetPetById" duration-ms="1281" status="PASS">
          <params>
            <param index="0">
              <value>
                <![CDATA[103]]>
              </value>
            </param>
          </params>
          <reporter-output>
          </reporter-output>
        </test-method> <!-- testDeletePetById -->
      </class> <!-- api.test.PetDataDrivenTest -->
    </test> <!-- PetTest -->
  </suite> <!-- PetSuite -->
</testng-results>
