<?xml version="1.0" encoding="UTF-8"?>
<!-- Generated by org.testng.reporters.JUnitXMLReporter -->
<testsuite ignored="0" hostname="SSAISRINIVAS" failures="0" tests="9" name="PetTest" time="15.331" errors="0" timestamp="2024-08-06T15:08:06 IST">
  <testcase classname="api.test.PetDataDrivenTest" name="testPostPetData" time="3.063"/>
  <testcase classname="api.test.PetDataDrivenTest" name="testPostPetData" time="1.157"/>
  <testcase classname="api.test.PetDataDrivenTest" name="testPostPetData" time="1.204"/>
  <testcase classname="api.test.PetDataDrivenTest" name="testGetPetById" time="1.221"/>
  <testcase classname="api.test.PetDataDrivenTest" name="testGetPetById" time="1.126"/>
  <testcase classname="api.test.PetDataDrivenTest" name="testGetPetById" time="1.276"/>
  <testcase classname="api.test.PetDataDrivenTest" name="testDeletePetById" time="1.204"/>
  <testcase classname="api.test.PetDataDrivenTest" name="testDeletePetById" time="1.267"/>
  <testcase classname="api.test.PetDataDrivenTest" name="testDeletePetById" time="1.281"/>
</testsuite> <!-- PetTest -->
