<?xml version="1.0" encoding="UTF-8"?>
<!-- Generated by org.testng.reporters.JUnitXMLReporter -->
<testsuite ignored="0" hostname="SSAISRINIVAS" failures="1" tests="4" name="PetTest" time="9.625" errors="0" timestamp="2024-08-06T12:59:09 IST">
  <testcase classname="api.test.PetTests" name="testPostPet" time="3.469"/>
  <testcase classname="api.test.PetTests" name="testGetPetById" time="1.177">
    <failure type="java.lang.AssertionError" message="expected [200] but found [404]">
      <![CDATA[java.lang.AssertionError: expected [200] but found [404]
at api.test.PetTests.testGetPetById(PetTests.java:92)
at java.base/java.util.ArrayList.forEach(ArrayList.java:1511)
... Removed 34 stack frames]]>
    </failure>
  </testcase> <!-- testGetPetById -->
  <testcase classname="api.test.PetTests" name="testUpdateUserByName" time="2.498"/>
  <testcase classname="api.test.PetTests" name="testDeleteUserByName" time="1.296"/>
</testsuite> <!-- PetTest -->
